Command line invocation:
    /Applications/Xcode.app/Contents/Developer/usr/bin/xcodebuild -project api-play.xcodeproj -scheme api-play build

2026-06-27 15:55:42.166 xcodebuild[15512:446223] [MT] IDERunDestination: Supported platforms for the buildables in the current scheme is empty.
--- xcodebuild: WARNING: Using the first of multiple matching destinations:
{ platform:macOS, arch:arm64, id:00008132-001C09880E45001C, name:My Mac }
{ platform:macOS, arch:x86_64, id:00008132-001C09880E45001C, name:My Mac }
{ platform:macOS, name:Any Mac }
ComputePackagePrebuildTargetDependencyGraph

Prepare packages

CreateBuildRequest

SendProjectDescription

CreateBuildOperation

ComputeTargetDependencyGraph
note: Building targets in dependency order
note: Target dependency graph (1 target)
    Target 'api-play' in project 'api-play' (no dependencies)

GatherProvisioningInputs

CreateBuildDescription

ExecuteExternalTool /Applications/Xcode.app/Contents/Developer/Toolchains/XcodeDefault.xctoolchain/usr/bin/clang -v -E -dM -isysroot /Applications/Xcode.app/Contents/Developer/Platforms/MacOSX.platform/Developer/SDKs/MacOSX26.5.sdk -x c -c /dev/null

ExecuteExternalTool /Applications/Xcode.app/Contents/Developer/usr/bin/actool --version --output-format xml1

ExecuteExternalTool /Applications/Xcode.app/Contents/Developer/Toolchains/XcodeDefault.xctoolchain/usr/bin/swiftc --version

ExecuteExternalTool /Applications/Xcode.app/Contents/Developer/Toolchains/XcodeDefault.xctoolchain/usr/bin/ld -version_details

Build description signature: f49c5a6cacfa2d9d86fa6a7014c1fa3b
Build description path: /Users/sdc-user1/Library/Developer/Xcode/DerivedData/api-play-fabomxzsdhxyiuamhzkllwgbjefm/Build/Intermediates.noindex/XCBuildData/f49c5a6cacfa2d9d86fa6a7014c1fa3b.xcbuilddata
ClangStatCache /Applications/Xcode.app/Contents/Developer/Toolchains/XcodeDefault.xctoolchain/usr/bin/clang-stat-cache /Applications/Xcode.app/Contents/Developer/Platforms/MacOSX.platform/Developer/SDKs/MacOSX26.5.sdk /Users/sdc-user1/Library/Developer/Xcode/DerivedData/SDKStatCaches.noindex/macosx26.5-25F70-e082c4a02f00227109f4ed75e425c832.sdkstatcache
    cd /Users/sdc-user1/Downloads/iOS/api-play/api-play.xcodeproj
    /Applications/Xcode.app/Contents/Developer/Toolchains/XcodeDefault.xctoolchain/usr/bin/clang-stat-cache /Applications/Xcode.app/Contents/Developer/Platforms/MacOSX.platform/Developer/SDKs/MacOSX26.5.sdk -o /Users/sdc-user1/Library/Developer/Xcode/DerivedData/SDKStatCaches.noindex/macosx26.5-25F70-e082c4a02f00227109f4ed75e425c832.sdkstatcache

ProcessInfoPlistFile /Users/sdc-user1/Library/Developer/Xcode/DerivedData/api-play-fabomxzsdhxyiuamhzkllwgbjefm/Build/Products/Debug/api-play.app/Contents/Info.plist /Users/sdc-user1/Downloads/iOS/api-play/api-play/Info.plist (in target 'api-play' from project 'api-play')
    cd /Users/sdc-user1/Downloads/iOS/api-play
    builtin-infoPlistUtility /Users/sdc-user1/Downloads/iOS/api-play/api-play/Info.plist -producttype com.apple.product-type.application -genpkginfo /Users/sdc-user1/Library/Developer/Xcode/DerivedData/api-play-fabomxzsdhxyiuamhzkllwgbjefm/Build/Products/Debug/api-play.app/Contents/PkgInfo -expandbuildsettings -platform macosx -additionalcontentfile /Users/sdc-user1/Library/Developer/Xcode/DerivedData/api-play-fabomxzsdhxyiuamhzkllwgbjefm/Build/Intermediates.noindex/api-play.build/Debug/api-play.build/assetcatalog_generated_info.plist -o /Users/sdc-user1/Library/Developer/Xcode/DerivedData/api-play-fabomxzsdhxyiuamhzkllwgbjefm/Build/Products/Debug/api-play.app/Contents/Info.plist

CopySwiftLibs /Users/sdc-user1/Library/Developer/Xcode/DerivedData/api-play-fabomxzsdhxyiuamhzkllwgbjefm/Build/Products/Debug/api-play.app (in target 'api-play' from project 'api-play')
    cd /Users/sdc-user1/Downloads/iOS/api-play
    builtin-swiftStdLibTool --copy --verbose --sign 36489781150213A2CCA14824A682684CF7F509B4 --scan-executable /Users/sdc-user1/Library/Developer/Xcode/DerivedData/api-play-fabomxzsdhxyiuamhzkllwgbjefm/Build/Products/Debug/api-play.app/Contents/MacOS/api-play.debug.dylib --scan-folder /Users/sdc-user1/Library/Developer/Xcode/DerivedData/api-play-fabomxzsdhxyiuamhzkllwgbjefm/Build/Products/Debug/api-play.app/Contents/Frameworks --scan-folder /Users/sdc-user1/Library/Developer/Xcode/DerivedData/api-play-fabomxzsdhxyiuamhzkllwgbjefm/Build/Products/Debug/api-play.app/Contents/PlugIns --scan-folder /Users/sdc-user1/Library/Developer/Xcode/DerivedData/api-play-fabomxzsdhxyiuamhzkllwgbjefm/Build/Products/Debug/api-play.app/Contents/Library/SystemExtensions --scan-folder /Users/sdc-user1/Library/Developer/Xcode/DerivedData/api-play-fabomxzsdhxyiuamhzkllwgbjefm/Build/Products/Debug/api-play.app/Contents/Extensions --scan-folder /Applications/Xcode.app/Contents/Developer/Platforms/MacOSX.platform/Developer/SDKs/MacOSX26.5.sdk/System/Library/Frameworks/FoundationModels.framework --platform macosx --toolchain /Applications/Xcode.app/Contents/Developer/Toolchains/XcodeDefault.xctoolchain --destination /Users/sdc-user1/Library/Developer/Xcode/DerivedData/api-play-fabomxzsdhxyiuamhzkllwgbjefm/Build/Products/Debug/api-play.app/Contents/Frameworks --strip-bitcode --strip-bitcode-tool /Applications/Xcode.app/Contents/Developer/Toolchains/XcodeDefault.xctoolchain/usr/bin/bitcode_strip --emit-dependency-info /Users/sdc-user1/Library/Developer/Xcode/DerivedData/api-play-fabomxzsdhxyiuamhzkllwgbjefm/Build/Intermediates.noindex/api-play.build/Debug/api-play.build/SwiftStdLibToolInputDependencies.dep --filter-for-swift-os

** BUILD SUCCEEDED **

